0 silly input [ 'init' ]
1 silly flags { _: [ 'init' ] }
2 verbose rootPath /home/bs/Development/serenity-sync
3 info version 2.2.0
4 silly initialize attempt
5 silly isInitialized
6 verbose isInitialized Error: spawnSync git ENOENT
6 verbose isInitialized     at exports._errnoException (util.js:870:11)
6 verbose isInitialized     at Object.spawnSync (child_process.js:443:20)
6 verbose isInitialized     at Function.ret.catch.module.exports.spawned.on.spawned.then.module.exports.stdout.module.exports.stderr.module.exports.shell.module.exports.sync (/usr/local/lib/node_modules/lerna/node_modules/execa/index.js:300:30)
6 verbose isInitialized     at Function.execSync (/usr/local/lib/node_modules/lerna/lib/ChildProcessUtilities.js:59:30)
6 verbose isInitialized     at Function.isInitialized (/usr/local/lib/node_modules/lerna/lib/GitUtilities.js:51:41)
6 verbose isInitialized     at InitCommand.initialize (/usr/local/lib/node_modules/lerna/lib/commands/InitCommand.js:87:35)
6 verbose isInitialized     at InitCommand._attempt (/usr/local/lib/node_modules/lerna/lib/Command.js:324:21)
6 verbose isInitialized     at InitCommand.runCommand (/usr/local/lib/node_modules/lerna/lib/Command.js:310:12)
6 verbose isInitialized     at /usr/local/lib/node_modules/lerna/lib/Command.js:213:16
6 verbose isInitialized     at InitCommand.run (/usr/local/lib/node_modules/lerna/lib/Command.js:196:14)
6 verbose isInitialized  swallowed error { [Error: spawnSync git ENOENT]
6 verbose isInitialized   stack: 'Error: spawnSync git ENOENT\n    at exports._errnoException (util.js:870:11)\n    at Object.spawnSync (child_process.js:443:20)\n    at Function.ret.catch.module.exports.spawned.on.spawned.then.module.exports.stdout.module.exports.stderr.module.exports.shell.module.exports.sync (/usr/local/lib/node_modules/lerna/node_modules/execa/index.js:300:30)\n    at Function.execSync (/usr/local/lib/node_modules/lerna/lib/ChildProcessUtilities.js:59:30)\n    at Function.isInitialized (/usr/local/lib/node_modules/lerna/lib/GitUtilities.js:51:41)\n    at InitCommand.initialize (/usr/local/lib/node_modules/lerna/lib/commands/InitCommand.js:87:35)\n    at InitCommand._attempt (/usr/local/lib/node_modules/lerna/lib/Command.js:324:21)\n    at InitCommand.runCommand (/usr/local/lib/node_modules/lerna/lib/Command.js:310:12)\n    at /usr/local/lib/node_modules/lerna/lib/Command.js:213:16\n    at InitCommand.run (/usr/local/lib/node_modules/lerna/lib/Command.js:196:14)',
6 verbose isInitialized   code: 'ENOENT',
6 verbose isInitialized   errno: 'ENOENT',
6 verbose isInitialized   syscall: 'spawnSync git',
6 verbose isInitialized   path: 'git',
6 verbose isInitialized   spawnargs: [ 'rev-parse' ] }
7 silly isInitialized false
8 info Initializing Git repository
9 silly git init
10 error initialize Error: spawnSync git ENOENT
10 error initialize     at exports._errnoException (util.js:870:11)
10 error initialize     at Object.spawnSync (child_process.js:443:20)
10 error initialize     at Function.ret.catch.module.exports.spawned.on.spawned.then.module.exports.stdout.module.exports.stderr.module.exports.shell.module.exports.sync (/usr/local/lib/node_modules/lerna/node_modules/execa/index.js:300:30)
10 error initialize     at Function.execSync (/usr/local/lib/node_modules/lerna/lib/ChildProcessUtilities.js:59:30)
10 error initialize     at Function.init (/usr/local/lib/node_modules/lerna/lib/GitUtilities.js:208:39)
10 error initialize     at InitCommand.initialize (/usr/local/lib/node_modules/lerna/lib/commands/InitCommand.js:89:32)
10 error initialize     at InitCommand._attempt (/usr/local/lib/node_modules/lerna/lib/Command.js:324:21)
10 error initialize     at InitCommand.runCommand (/usr/local/lib/node_modules/lerna/lib/Command.js:310:12)
10 error initialize     at /usr/local/lib/node_modules/lerna/lib/Command.js:213:16
10 error initialize     at InitCommand.run (/usr/local/lib/node_modules/lerna/lib/Command.js:196:14)
10 error initialize  caught error
10 error initialize  { [Error: spawnSync git ENOENT]
10 error initialize   stack: 'Error: spawnSync git ENOENT\n    at exports._errnoException (util.js:870:11)\n    at Object.spawnSync (child_process.js:443:20)\n    at Function.ret.catch.module.exports.spawned.on.spawned.then.module.exports.stdout.module.exports.stderr.module.exports.shell.module.exports.sync (/usr/local/lib/node_modules/lerna/node_modules/execa/index.js:300:30)\n    at Function.execSync (/usr/local/lib/node_modules/lerna/lib/ChildProcessUtilities.js:59:30)\n    at Function.init (/usr/local/lib/node_modules/lerna/lib/GitUtilities.js:208:39)\n    at InitCommand.initialize (/usr/local/lib/node_modules/lerna/lib/commands/InitCommand.js:89:32)\n    at InitCommand._attempt (/usr/local/lib/node_modules/lerna/lib/Command.js:324:21)\n    at InitCommand.runCommand (/usr/local/lib/node_modules/lerna/lib/Command.js:310:12)\n    at /usr/local/lib/node_modules/lerna/lib/Command.js:213:16\n    at InitCommand.run (/usr/local/lib/node_modules/lerna/lib/Command.js:196:14)',
10 error initialize   code: 'ENOENT',
10 error initialize   errno: 'ENOENT',
10 error initialize   syscall: 'spawnSync git',
10 error initialize   path: 'git',
10 error initialize   spawnargs: [ 'init' ] }
